{"C:\\Users\\Usuario\\Desktop\\gitHub\\jest-js\\core\\sum.ts": {"path":"C:\\Users\\Usuario\\Desktop\\gitHub\\jest-js\\core\\sum.ts","statementMap":{"0":{"start":{"line":1,"column":19},"end":{"line":1,"column":29}},"1":{"start":{"line":1,"column":28},"end":{"line":1,"column":null}},"2":{"start":{"line":1,"column":13},"end":{"line":1,"column":19}}},"fnMap":{"0":{"name":"(anonymous_0)","decl":{"start":{"line":1,"column":19},"end":{"line":1,"column":20}},"loc":{"start":{"line":1,"column":23},"end":{"line":1,"column":29}}}},"branchMap":{},"s":{"0":1,"1":1,"2":1},"f":{"0":1},"b":{}}
}
